<?xml version="1.0" encoding="UTF-8"?>
<!-- Generated by org.testng.reporters.JUnitReportReporter -->
<testsuite hostname="Harish-PC" name="com.newt.demo.DemoWebTestNG.DemoTest" tests="2" failures="0" timestamp="22 Nov 2015 07:08:14 GMT" time="6.266" errors="0">
  <testcase name="verifyHomePage" time="5.696" classname="com.newt.demo.DemoWebTestNG.DemoTest"/>
  <testcase name="testcaseforLogin" time="0.570" classname="com.newt.demo.DemoWebTestNG.DemoTest"/>
</testsuite> <!-- com.newt.demo.DemoWebTestNG.DemoTest -->
